Determining if the pthread_create exist failed with the following output:
Change Dir: /home/leo/Desktop/Kaka_Project/build/CMakeFiles/CMakeTmp

Run Build Command:/usr/bin/make "cmTryCompileExec841770744/fast"
/usr/bin/make -f CMakeFiles/cmTryCompileExec841770744.dir/build.make CMakeFiles/cmTryCompileExec841770744.dir/build
make[1]: Entering directory `/home/leo/Desktop/Kaka_Project/build/CMakeFiles/CMakeTmp'
/usr/bin/cmake -E cmake_progress_report /home/leo/Desktop/Kaka_Project/build/CMakeFiles/CMakeTmp/CMakeFiles 1
Building C object CMakeFiles/cmTryCompileExec841770744.dir/CheckSymbolExists.c.o
/usr/bin/cc    -o CMakeFiles/cmTryCompileExec841770744.dir/CheckSymbolExists.c.o   -c /home/leo/Desktop/Kaka_Project/build/CMakeFiles/CMakeTmp/CheckSymbolExists.c
Linking C executable cmTryCompileExec841770744
/usr/bin/cmake -E cmake_link_script CMakeFiles/cmTryCompileExec841770744.dir/link.txt --verbose=1
/usr/bin/cc       CMakeFiles/cmTryCompileExec841770744.dir/CheckSymbolExists.c.o  -o cmTryCompileExec841770744 -rdynamic 
CMakeFiles/cmTryCompileExec841770744.dir/CheckSymbolExists.c.o: In function `main':
CheckSymbolExists.c:(.text+0x16): undefined reference to `pthread_create'
collect2: error: ld returned 1 exit status
make[1]: *** [cmTryCompileExec841770744] Error 1
make[1]: Leaving directory `/home/leo/Desktop/Kaka_Project/build/CMakeFiles/CMakeTmp'
make: *** [cmTryCompileExec841770744/fast] Error 2

File /home/leo/Desktop/Kaka_Project/build/CMakeFiles/CMakeTmp/CheckSymbolExists.c:
/* */
#include <pthread.h>

int main(int argc, char** argv)
{
  (void)argv;
#ifndef pthread_create
  return ((int*)(&pthread_create))[argc];
#else
  (void)argc;
  return 0;
#endif
}

Determining if the function pthread_create exists in the pthreads failed with the following output:
Change Dir: /home/leo/Desktop/Kaka_Project/build/CMakeFiles/CMakeTmp

Run Build Command:/usr/bin/make "cmTryCompileExec3855539897/fast"
/usr/bin/make -f CMakeFiles/cmTryCompileExec3855539897.dir/build.make CMakeFiles/cmTryCompileExec3855539897.dir/build
make[1]: Entering directory `/home/leo/Desktop/Kaka_Project/build/CMakeFiles/CMakeTmp'
/usr/bin/cmake -E cmake_progress_report /home/leo/Desktop/Kaka_Project/build/CMakeFiles/CMakeTmp/CMakeFiles 1
Building C object CMakeFiles/cmTryCompileExec3855539897.dir/CheckFunctionExists.c.o
/usr/bin/cc   -DCHECK_FUNCTION_EXISTS=pthread_create   -o CMakeFiles/cmTryCompileExec3855539897.dir/CheckFunctionExists.c.o   -c /usr/share/cmake-2.8/Modules/CheckFunctionExists.c
Linking C executable cmTryCompileExec3855539897
/usr/bin/cmake -E cmake_link_script CMakeFiles/cmTryCompileExec3855539897.dir/link.txt --verbose=1
/usr/bin/cc   -DCHECK_FUNCTION_EXISTS=pthread_create    CMakeFiles/cmTryCompileExec3855539897.dir/CheckFunctionExists.c.o  -o cmTryCompileExec3855539897 -rdynamic -lpthreads 
/usr/bin/ld: cannot find -lpthreads
collect2: error: ld returned 1 exit status
make[1]: *** [cmTryCompileExec3855539897] Error 1
make[1]: Leaving directory `/home/leo/Desktop/Kaka_Project/build/CMakeFiles/CMakeTmp'
make: *** [cmTryCompileExec3855539897/fast] Error 2


Determining if the Q_WS_WIN exist failed with the following output:
Change Dir: /home/leo/Desktop/Kaka_Project/build/CMakeFiles/CMakeTmp

Run Build Command:/usr/bin/make "cmTryCompileExec312937622/fast"
/usr/bin/make -f CMakeFiles/cmTryCompileExec312937622.dir/build.make CMakeFiles/cmTryCompileExec312937622.dir/build
make[1]: Entering directory `/home/leo/Desktop/Kaka_Project/build/CMakeFiles/CMakeTmp'
/usr/bin/cmake -E cmake_progress_report /home/leo/Desktop/Kaka_Project/build/CMakeFiles/CMakeTmp/CMakeFiles 1
Building CXX object CMakeFiles/cmTryCompileExec312937622.dir/CheckSymbolExists.cxx.o
/usr/bin/c++    -I/usr/include/qt4    -o CMakeFiles/cmTryCompileExec312937622.dir/CheckSymbolExists.cxx.o -c /home/leo/Desktop/Kaka_Project/build/CMakeFiles/CMakeTmp/CheckSymbolExists.cxx
/home/leo/Desktop/Kaka_Project/build/CMakeFiles/CMakeTmp/CheckSymbolExists.cxx: In function ‘int main(int, char**)’:
/home/leo/Desktop/Kaka_Project/build/CMakeFiles/CMakeTmp/CheckSymbolExists.cxx:8:19: error: ‘Q_WS_WIN’ was not declared in this scope
   return ((int*)(&Q_WS_WIN))[argc];
                   ^
make[1]: *** [CMakeFiles/cmTryCompileExec312937622.dir/CheckSymbolExists.cxx.o] Error 1
make[1]: Leaving directory `/home/leo/Desktop/Kaka_Project/build/CMakeFiles/CMakeTmp'
make: *** [cmTryCompileExec312937622/fast] Error 2

File /home/leo/Desktop/Kaka_Project/build/CMakeFiles/CMakeTmp/CheckSymbolExists.cxx:
/* */
#include <QtCore/qglobal.h>

int main(int argc, char** argv)
{
  (void)argv;
#ifndef Q_WS_WIN
  return ((int*)(&Q_WS_WIN))[argc];
#else
  (void)argc;
  return 0;
#endif
}

Determining if the Q_WS_QWS exist failed with the following output:
Change Dir: /home/leo/Desktop/Kaka_Project/build/CMakeFiles/CMakeTmp

Run Build Command:/usr/bin/make "cmTryCompileExec3608364603/fast"
/usr/bin/make -f CMakeFiles/cmTryCompileExec3608364603.dir/build.make CMakeFiles/cmTryCompileExec3608364603.dir/build
make[1]: Entering directory `/home/leo/Desktop/Kaka_Project/build/CMakeFiles/CMakeTmp'
/usr/bin/cmake -E cmake_progress_report /home/leo/Desktop/Kaka_Project/build/CMakeFiles/CMakeTmp/CMakeFiles 1
Building CXX object CMakeFiles/cmTryCompileExec3608364603.dir/CheckSymbolExists.cxx.o
/usr/bin/c++    -I/usr/include/qt4    -o CMakeFiles/cmTryCompileExec3608364603.dir/CheckSymbolExists.cxx.o -c /home/leo/Desktop/Kaka_Project/build/CMakeFiles/CMakeTmp/CheckSymbolExists.cxx
/home/leo/Desktop/Kaka_Project/build/CMakeFiles/CMakeTmp/CheckSymbolExists.cxx: In function ‘int main(int, char**)’:
/home/leo/Desktop/Kaka_Project/build/CMakeFiles/CMakeTmp/CheckSymbolExists.cxx:8:19: error: ‘Q_WS_QWS’ was not declared in this scope
   return ((int*)(&Q_WS_QWS))[argc];
                   ^
make[1]: *** [CMakeFiles/cmTryCompileExec3608364603.dir/CheckSymbolExists.cxx.o] Error 1
make[1]: Leaving directory `/home/leo/Desktop/Kaka_Project/build/CMakeFiles/CMakeTmp'
make: *** [cmTryCompileExec3608364603/fast] Error 2

File /home/leo/Desktop/Kaka_Project/build/CMakeFiles/CMakeTmp/CheckSymbolExists.cxx:
/* */
#include <QtCore/qglobal.h>

int main(int argc, char** argv)
{
  (void)argv;
#ifndef Q_WS_QWS
  return ((int*)(&Q_WS_QWS))[argc];
#else
  (void)argc;
  return 0;
#endif
}

Determining if the Q_WS_MAC exist failed with the following output:
Change Dir: /home/leo/Desktop/Kaka_Project/build/CMakeFiles/CMakeTmp

Run Build Command:/usr/bin/make "cmTryCompileExec1764420186/fast"
/usr/bin/make -f CMakeFiles/cmTryCompileExec1764420186.dir/build.make CMakeFiles/cmTryCompileExec1764420186.dir/build
make[1]: Entering directory `/home/leo/Desktop/Kaka_Project/build/CMakeFiles/CMakeTmp'
/usr/bin/cmake -E cmake_progress_report /home/leo/Desktop/Kaka_Project/build/CMakeFiles/CMakeTmp/CMakeFiles 1
Building CXX object CMakeFiles/cmTryCompileExec1764420186.dir/CheckSymbolExists.cxx.o
/usr/bin/c++    -I/usr/include/qt4    -o CMakeFiles/cmTryCompileExec1764420186.dir/CheckSymbolExists.cxx.o -c /home/leo/Desktop/Kaka_Project/build/CMakeFiles/CMakeTmp/CheckSymbolExists.cxx
/home/leo/Desktop/Kaka_Project/build/CMakeFiles/CMakeTmp/CheckSymbolExists.cxx: In function ‘int main(int, char**)’:
/home/leo/Desktop/Kaka_Project/build/CMakeFiles/CMakeTmp/CheckSymbolExists.cxx:8:19: error: ‘Q_WS_MAC’ was not declared in this scope
   return ((int*)(&Q_WS_MAC))[argc];
                   ^
make[1]: *** [CMakeFiles/cmTryCompileExec1764420186.dir/CheckSymbolExists.cxx.o] Error 1
make[1]: Leaving directory `/home/leo/Desktop/Kaka_Project/build/CMakeFiles/CMakeTmp'
make: *** [cmTryCompileExec1764420186/fast] Error 2

File /home/leo/Desktop/Kaka_Project/build/CMakeFiles/CMakeTmp/CheckSymbolExists.cxx:
/* */
#include <QtCore/qglobal.h>

int main(int argc, char** argv)
{
  (void)argv;
#ifndef Q_WS_MAC
  return ((int*)(&Q_WS_MAC))[argc];
#else
  (void)argc;
  return 0;
#endif
}

