Determining if the pthread_create exist failed with the following output:
Change Dir: /home/leo/Desktop/Kaka_Project/src/cmake-build-debug/CMakeFiles/CMakeTmp

Run Build Command:"/usr/bin/make" "cmTC_a235c/fast"
/usr/bin/make -f CMakeFiles/cmTC_a235c.dir/build.make CMakeFiles/cmTC_a235c.dir/build
make[1]: Entering directory `/home/leo/Desktop/Kaka_Project/src/cmake-build-debug/CMakeFiles/CMakeTmp'
Building C object CMakeFiles/cmTC_a235c.dir/CheckSymbolExists.c.o
/usr/bin/cc     -o CMakeFiles/cmTC_a235c.dir/CheckSymbolExists.c.o   -c /home/leo/Desktop/Kaka_Project/src/cmake-build-debug/CMakeFiles/CMakeTmp/CheckSymbolExists.c
Linking C executable cmTC_a235c
/home/leo/Downloads/clion-2017.1.3/bin/cmake/bin/cmake -E cmake_link_script CMakeFiles/cmTC_a235c.dir/link.txt --verbose=1
/usr/bin/cc       CMakeFiles/cmTC_a235c.dir/CheckSymbolExists.c.o  -o cmTC_a235c -rdynamic 
CMakeFiles/cmTC_a235c.dir/CheckSymbolExists.c.o: In function `main':
CheckSymbolExists.c:(.text+0x16): undefined reference to `pthread_create'
collect2: error: ld returned 1 exit status
make[1]: *** [cmTC_a235c] Error 1
make[1]: Leaving directory `/home/leo/Desktop/Kaka_Project/src/cmake-build-debug/CMakeFiles/CMakeTmp'
make: *** [cmTC_a235c/fast] Error 2

File /home/leo/Desktop/Kaka_Project/src/cmake-build-debug/CMakeFiles/CMakeTmp/CheckSymbolExists.c:
/* */
#include <pthread.h>

int main(int argc, char** argv)
{
  (void)argv;
#ifndef pthread_create
  return ((int*)(&pthread_create))[argc];
#else
  (void)argc;
  return 0;
#endif
}

Determining if the function pthread_create exists in the pthreads failed with the following output:
Change Dir: /home/leo/Desktop/Kaka_Project/src/cmake-build-debug/CMakeFiles/CMakeTmp

Run Build Command:"/usr/bin/make" "cmTC_11689/fast"
/usr/bin/make -f CMakeFiles/cmTC_11689.dir/build.make CMakeFiles/cmTC_11689.dir/build
make[1]: Entering directory `/home/leo/Desktop/Kaka_Project/src/cmake-build-debug/CMakeFiles/CMakeTmp'
Building C object CMakeFiles/cmTC_11689.dir/CheckFunctionExists.c.o
/usr/bin/cc    -DCHECK_FUNCTION_EXISTS=pthread_create   -o CMakeFiles/cmTC_11689.dir/CheckFunctionExists.c.o   -c /home/leo/Downloads/clion-2017.1.3/bin/cmake/share/cmake-3.7/Modules/CheckFunctionExists.c
Linking C executable cmTC_11689
/home/leo/Downloads/clion-2017.1.3/bin/cmake/bin/cmake -E cmake_link_script CMakeFiles/cmTC_11689.dir/link.txt --verbose=1
/usr/bin/cc   -DCHECK_FUNCTION_EXISTS=pthread_create    CMakeFiles/cmTC_11689.dir/CheckFunctionExists.c.o  -o cmTC_11689 -rdynamic -lpthreads 
/usr/bin/ld: cannot find -lpthreads
collect2: error: ld returned 1 exit status
make[1]: *** [cmTC_11689] Error 1
make[1]: Leaving directory `/home/leo/Desktop/Kaka_Project/src/cmake-build-debug/CMakeFiles/CMakeTmp'
make: *** [cmTC_11689/fast] Error 2


Determining if the Q_WS_WIN exist failed with the following output:
Change Dir: /home/leo/Desktop/Kaka_Project/src/cmake-build-debug/CMakeFiles/CMakeTmp

Run Build Command:"/usr/bin/make" "cmTC_03a97/fast"
/usr/bin/make -f CMakeFiles/cmTC_03a97.dir/build.make CMakeFiles/cmTC_03a97.dir/build
make[1]: Entering directory `/home/leo/Desktop/Kaka_Project/src/cmake-build-debug/CMakeFiles/CMakeTmp'
Building CXX object CMakeFiles/cmTC_03a97.dir/CheckSymbolExists.cxx.o
/usr/bin/c++    -I/usr/include/qt4   -o CMakeFiles/cmTC_03a97.dir/CheckSymbolExists.cxx.o -c /home/leo/Desktop/Kaka_Project/src/cmake-build-debug/CMakeFiles/CMakeTmp/CheckSymbolExists.cxx
/home/leo/Desktop/Kaka_Project/src/cmake-build-debug/CMakeFiles/CMakeTmp/CheckSymbolExists.cxx: In function ‘int main(int, char**)’:
/home/leo/Desktop/Kaka_Project/src/cmake-build-debug/CMakeFiles/CMakeTmp/CheckSymbolExists.cxx:8:19: error: ‘Q_WS_WIN’ was not declared in this scope
   return ((int*)(&Q_WS_WIN))[argc];
                   ^
make[1]: *** [CMakeFiles/cmTC_03a97.dir/CheckSymbolExists.cxx.o] Error 1
make[1]: Leaving directory `/home/leo/Desktop/Kaka_Project/src/cmake-build-debug/CMakeFiles/CMakeTmp'
make: *** [cmTC_03a97/fast] Error 2

File /home/leo/Desktop/Kaka_Project/src/cmake-build-debug/CMakeFiles/CMakeTmp/CheckSymbolExists.cxx:
/* */
#include <QtCore/qglobal.h>

int main(int argc, char** argv)
{
  (void)argv;
#ifndef Q_WS_WIN
  return ((int*)(&Q_WS_WIN))[argc];
#else
  (void)argc;
  return 0;
#endif
}

Determining if the Q_WS_QWS exist failed with the following output:
Change Dir: /home/leo/Desktop/Kaka_Project/src/cmake-build-debug/CMakeFiles/CMakeTmp

Run Build Command:"/usr/bin/make" "cmTC_b334c/fast"
/usr/bin/make -f CMakeFiles/cmTC_b334c.dir/build.make CMakeFiles/cmTC_b334c.dir/build
make[1]: Entering directory `/home/leo/Desktop/Kaka_Project/src/cmake-build-debug/CMakeFiles/CMakeTmp'
Building CXX object CMakeFiles/cmTC_b334c.dir/CheckSymbolExists.cxx.o
/usr/bin/c++    -I/usr/include/qt4   -o CMakeFiles/cmTC_b334c.dir/CheckSymbolExists.cxx.o -c /home/leo/Desktop/Kaka_Project/src/cmake-build-debug/CMakeFiles/CMakeTmp/CheckSymbolExists.cxx
/home/leo/Desktop/Kaka_Project/src/cmake-build-debug/CMakeFiles/CMakeTmp/CheckSymbolExists.cxx: In function ‘int main(int, char**)’:
/home/leo/Desktop/Kaka_Project/src/cmake-build-debug/CMakeFiles/CMakeTmp/CheckSymbolExists.cxx:8:19: error: ‘Q_WS_QWS’ was not declared in this scope
   return ((int*)(&Q_WS_QWS))[argc];
                   ^
make[1]: *** [CMakeFiles/cmTC_b334c.dir/CheckSymbolExists.cxx.o] Error 1
make[1]: Leaving directory `/home/leo/Desktop/Kaka_Project/src/cmake-build-debug/CMakeFiles/CMakeTmp'
make: *** [cmTC_b334c/fast] Error 2

File /home/leo/Desktop/Kaka_Project/src/cmake-build-debug/CMakeFiles/CMakeTmp/CheckSymbolExists.cxx:
/* */
#include <QtCore/qglobal.h>

int main(int argc, char** argv)
{
  (void)argv;
#ifndef Q_WS_QWS
  return ((int*)(&Q_WS_QWS))[argc];
#else
  (void)argc;
  return 0;
#endif
}

Determining if the Q_WS_MAC exist failed with the following output:
Change Dir: /home/leo/Desktop/Kaka_Project/src/cmake-build-debug/CMakeFiles/CMakeTmp

Run Build Command:"/usr/bin/make" "cmTC_1d89b/fast"
/usr/bin/make -f CMakeFiles/cmTC_1d89b.dir/build.make CMakeFiles/cmTC_1d89b.dir/build
make[1]: Entering directory `/home/leo/Desktop/Kaka_Project/src/cmake-build-debug/CMakeFiles/CMakeTmp'
Building CXX object CMakeFiles/cmTC_1d89b.dir/CheckSymbolExists.cxx.o
/usr/bin/c++    -I/usr/include/qt4   -o CMakeFiles/cmTC_1d89b.dir/CheckSymbolExists.cxx.o -c /home/leo/Desktop/Kaka_Project/src/cmake-build-debug/CMakeFiles/CMakeTmp/CheckSymbolExists.cxx
/home/leo/Desktop/Kaka_Project/src/cmake-build-debug/CMakeFiles/CMakeTmp/CheckSymbolExists.cxx: In function ‘int main(int, char**)’:
/home/leo/Desktop/Kaka_Project/src/cmake-build-debug/CMakeFiles/CMakeTmp/CheckSymbolExists.cxx:8:19: error: ‘Q_WS_MAC’ was not declared in this scope
   return ((int*)(&Q_WS_MAC))[argc];
                   ^
make[1]: *** [CMakeFiles/cmTC_1d89b.dir/CheckSymbolExists.cxx.o] Error 1
make[1]: Leaving directory `/home/leo/Desktop/Kaka_Project/src/cmake-build-debug/CMakeFiles/CMakeTmp'
make: *** [cmTC_1d89b/fast] Error 2

File /home/leo/Desktop/Kaka_Project/src/cmake-build-debug/CMakeFiles/CMakeTmp/CheckSymbolExists.cxx:
/* */
#include <QtCore/qglobal.h>

int main(int argc, char** argv)
{
  (void)argv;
#ifndef Q_WS_MAC
  return ((int*)(&Q_WS_MAC))[argc];
#else
  (void)argc;
  return 0;
#endif
}

